<?xml version="1.0" encoding="UTF-8"?>
<testsuite name="edu.jsu.mcis.TicTacToeTest" tests="8" skipped="0" failures="0" errors="0" timestamp="2015-01-22T03:14:00" hostname="YogaPro" time="0.016">
  <properties/>
  <testcase name="testInitialBoardIsCompletelyEmpty" classname="edu.jsu.mcis.TicTacToeTest" time="0.016"/>
  <testcase name="testIfGameIsTiedAndAllSpacesAreBeingUsed" classname="edu.jsu.mcis.TicTacToeTest" time="0.0"/>
  <testcase name="testIfGameIsWonByOOnMiddleColDown" classname="edu.jsu.mcis.TicTacToeTest" time="0.0"/>
  <testcase name="testIfGameIsWonByXOnTopRowAcross" classname="edu.jsu.mcis.TicTacToeTest" time="0.0"/>
  <testcase name="testMarkXInUpperRightCorner" classname="edu.jsu.mcis.TicTacToeTest" time="0.0"/>
  <testcase name="testIfGameIsWonByXDiagonalTopLeftToBottomRight" classname="edu.jsu.mcis.TicTacToeTest" time="0.0"/>
  <testcase name="testMarkOInBottomLeftCorner" classname="edu.jsu.mcis.TicTacToeTest" time="0.0"/>
  <testcase name="testMarkXInMiddleAndOInBottomRightCorner" classname="edu.jsu.mcis.TicTacToeTest" time="0.0"/>
  <system-out><![CDATA[]]></system-out>
  <system-err><![CDATA[]]></system-err>
</testsuite>
